<?xml version="1.0" encoding="UTF-8"?>
<!-- Generated by org.testng.reporters.JUnitReportReporter -->
<testsuite hostname="DESKTOP-C6OQV70" failures="0" tests="1" name="com.automationpractice.ecommerce.testCases.TestCase17RemoveProductsFromCart" time="49.276" errors="0" timestamp="27 Apr 2022 21:38:33 GMT" skipped="0">
  <testcase classname="com.automationpractice.ecommerce.testCases.TestCase17RemoveProductsFromCart" name="testCase17RemoveProductsFromCartPages" time="49.276"/>
</testsuite> <!-- com.automationpractice.ecommerce.testCases.TestCase17RemoveProductsFromCart -->
