<?xml version="1.0" encoding="UTF-8"?>
<!-- Generated by org.testng.reporters.JUnitReportReporter -->
<testsuite hostname="DESKTOP-C6OQV70" failures="0" tests="1" name="com.automationpractice.ecommerce.testCases.TestCase13VerifyProductQuantityInCart" time="35.244" errors="0" timestamp="20 Dec 2022 10:36:38 GMT" skipped="0">
  <testcase classname="com.automationpractice.ecommerce.testCases.TestCase13VerifyProductQuantityInCart" name="testCase13VerifyProductQuantityInCartPages" time="35.244"/>
</testsuite> <!-- com.automationpractice.ecommerce.testCases.TestCase13VerifyProductQuantityInCart -->
