<?xml version="1.0" encoding="UTF-8"?>
<!-- Generated by org.testng.reporters.JUnitReportReporter -->
<testsuite hostname="DESKTOP-C6OQV70" failures="0" tests="1" name="com.automationpractice.ecommerce.testCases.TestCase1RegisterUser" time="42.592" errors="0" timestamp="16 Apr 2022 18:55:02 GMT" skipped="0">
  <testcase classname="com.automationpractice.ecommerce.testCases.TestCase1RegisterUser" name="testCase1RegisterUser" time="42.592"/>
</testsuite> <!-- com.automationpractice.ecommerce.testCases.TestCase1RegisterUser -->
