<?xml version="1.0" encoding="UTF-8"?>
<!-- Generated by org.testng.reporters.JUnitReportReporter -->
<testsuite hostname="DESKTOP-B15CA4G" failures="0" tests="1" name="com.automationpractice.ecommerce.testCases.TestCase1RegisterUser" time="19.827" errors="0" timestamp="16 Feb 2022 20:13:44 GMT" skipped="0">
  <testcase classname="com.automationpractice.ecommerce.testCases.TestCase1RegisterUser" name="testCase1RegisterUser" time="19.827"/>
</testsuite> <!-- com.automationpractice.ecommerce.testCases.TestCase1RegisterUser -->
