<?xml version="1.0" encoding="UTF-8"?>
<!-- Generated by org.testng.reporters.JUnitReportReporter -->
<testsuite hostname="DESKTOP-B15CA4G" failures="0" tests="1" name="com.automationpractice.ecommerce.testCases.FirstTc" time="13.494" errors="0" timestamp="19 Jan 2022 20:37:41 GMT" skipped="0">
  <testcase classname="com.automationpractice.ecommerce.testCases.FirstTc" name="firstTc" time="13.494"/>
</testsuite> <!-- com.automationpractice.ecommerce.testCases.FirstTc -->
