<?xml version="1.0" encoding="UTF-8"?>
<!-- Generated by org.testng.reporters.JUnitReportReporter -->
<testsuite hostname="DESKTOP-C6OQV70" failures="0" tests="1" name="com.automationpractice.ecommerce.testCases.TestCase9SearchProduct" time="35.675" errors="0" timestamp="27 Apr 2022 21:38:33 GMT" skipped="0">
  <testcase classname="com.automationpractice.ecommerce.testCases.TestCase9SearchProduct" name="testCase9SearchProduct" time="35.675"/>
</testsuite> <!-- com.automationpractice.ecommerce.testCases.TestCase9SearchProduct -->
