<?xml version="1.0" encoding="UTF-8"?>
<testsuite xmlns:xsi="http://www.w3.org/2001/XMLSchema-instance" xsi:schemaLocation="https://maven.apache.org/surefire/maven-surefire-plugin/xsd/surefire-test-report.xsd" name="TestSuite" time="1,189.222" tests="26" errors="0" skipped="0" failures="3">
  <properties>
    <property name="java.runtime.name" value="Java(TM) SE Runtime Environment"/>
    <property name="java.vm.version" value="11.0.14+8-LTS-263"/>
    <property name="sun.boot.library.path" value="C:\Program Files\jdk-11.0.14\bin"/>
    <property name="maven.multiModuleProjectDirectory" value="E:\Github\SeleniumAutomationPractice\ecommerce"/>
    <property name="java.vm.vendor" value="Oracle Corporation"/>
    <property name="java.vendor.url" value="https://openjdk.java.net/"/>
    <property name="guice.disable.misplaced.annotation.check" value="true"/>
    <property name="path.separator" value=";"/>
    <property name="java.vm.name" value="Java HotSpot(TM) 64-Bit Server VM"/>
    <property name="sun.os.patch.level" value=""/>
    <property name="user.script" value=""/>
    <property name="user.country" value="US"/>
    <property name="sun.java.launcher" value="SUN_STANDARD"/>
    <property name="java.vm.specification.name" value="Java Virtual Machine Specification"/>
    <property name="user.dir" value="E:\Github\SeleniumAutomationPractice\ecommerce"/>
    <property name="java.vm.compressedOopsMode" value="Zero based"/>
    <property name="java.runtime.version" value="11.0.14+8-LTS-263"/>
    <property name="java.awt.graphicsenv" value="sun.awt.Win32GraphicsEnvironment"/>
    <property name="os.arch" value="amd64"/>
    <property name="java.io.tmpdir" value="C:\Users\Talha\AppData\Local\Temp\"/>
    <property name="line.separator" value="&#10;"/>
    <property name="java.vm.specification.vendor" value="Oracle Corporation"/>
    <property name="user.variant" value=""/>
    <property name="os.name" value="Windows 11"/>
    <property name="classworlds.conf" value="C:\Program Files\apache-maven-3.8.5-bin\apache-maven-3.8.5\bin\m2.conf"/>
    <property name="sun.jnu.encoding" value="Cp1252"/>
    <property name="java.library.path" value="C:\Program Files\jdk-11.0.14\bin;C:\Windows\Sun\Java\bin;C:\Windows\system32;C:\Windows;C:\Windows\system32;C:\Windows;C:\Windows\System32\Wbem;C:\Windows\System32\WindowsPowerShell\v1.0\;C:\Windows\System32\OpenSSH\;C:\Program Files\nodejs\;C:\Program Files\Git\cmd;C:\Program Files\jdk-11.0.14\bin;C:\Program Files\apache-maven-3.8.5-bin\apache-maven-3.8.5\bin;C:\Users\Talha\AppData\Local\Microsoft\WindowsApps;C:\Users\Talha\AppData\Roaming\npm;C:\Users\Talha\AppData\Local\Programs\Microsoft VS Code\bin;."/>
    <property name="maven.conf" value="C:\Program Files\apache-maven-3.8.5-bin\apache-maven-3.8.5/conf"/>
    <property name="jdk.debug" value="release"/>
    <property name="java.class.version" value="55.0"/>
    <property name="java.specification.name" value="Java Platform API Specification"/>
    <property name="sun.management.compiler" value="HotSpot 64-Bit Tiered Compilers"/>
    <property name="os.version" value="10.0"/>
    <property name="library.jansi.path" value="C:\Program Files\apache-maven-3.8.5-bin\apache-maven-3.8.5\lib\jansi-native"/>
    <property name="user.home" value="C:\Users\Talha"/>
    <property name="user.timezone" value="Asia/Dhaka"/>
    <property name="java.awt.printerjob" value="sun.awt.windows.WPrinterJob"/>
    <property name="file.encoding" value="Cp1252"/>
    <property name="java.specification.version" value="11"/>
    <property name="user.name" value="Talha"/>
    <property name="java.class.path" value="C:\Program Files\apache-maven-3.8.5-bin\apache-maven-3.8.5\boot\plexus-classworlds-2.6.0.jar"/>
    <property name="java.vm.specification.version" value="11"/>
    <property name="sun.arch.data.model" value="64"/>
    <property name="sun.java.command" value="org.codehaus.plexus.classworlds.launcher.Launcher test"/>
    <property name="java.home" value="C:\Program Files\jdk-11.0.14"/>
    <property name="user.language" value="en"/>
    <property name="java.specification.vendor" value="Oracle Corporation"/>
    <property name="awt.toolkit" value="sun.awt.windows.WToolkit"/>
    <property name="java.vm.info" value="mixed mode"/>
    <property name="java.version" value="11.0.14"/>
    <property name="java.vendor" value="Oracle Corporation"/>
    <property name="sun.stderr.encoding" value="cp437"/>
    <property name="maven.home" value="C:\Program Files\apache-maven-3.8.5-bin\apache-maven-3.8.5"/>
    <property name="file.separator" value="\"/>
    <property name="java.version.date" value="2022-01-18"/>
    <property name="java.vendor.url.bug" value="https://bugreport.java.com/bugreport/"/>
    <property name="sun.io.unicode.encoding" value="UnicodeLittle"/>
    <property name="sun.cpu.endian" value="little"/>
    <property name="java.vendor.version" value="18.9"/>
    <property name="sun.stdout.encoding" value="cp437"/>
    <property name="sun.desktop" value="windows"/>
    <property name="sun.cpu.isalist" value="amd64"/>
  </properties>
  <testcase name="testCase1RegisterUser" classname="com.automationpractice.ecommerce.testCases.TestCase1RegisterUser" time="60.64"/>
  <testcase name="testCase2LoginUserWithCorrectEmailAndPassword" classname="com.automationpractice.ecommerce.testCases.TestCase2LoginUserWithCorrectEmailAndPassword" time="15.249"/>
  <testcase name="testCase3LoginUserWithIncorrectEmailAndPassword" classname="com.automationpractice.ecommerce.testCases.TestCase3LoginUserWithIncorrectEmailAndPassword" time="6.431"/>
  <testcase name="testCase4LogoutUser" classname="com.automationpractice.ecommerce.testCases.TestCase4LogoutUser" time="16.252"/>
  <testcase name="testCase5RegisterUserWithExistingEmail" classname="com.automationpractice.ecommerce.testCases.TestCase5RegisterUserWithExistingEmail" time="12.57"/>
  <testcase name="testCase6ContactUsForm" classname="com.automationpractice.ecommerce.testCases.TestCase6ContactUsForm" time="13.218">
    <failure message="invalid argument: File not found : C:\Users\Talha\Desktop\demoImage.png&#10;  (Session info: chrome=100.0.4896.127)&#10;Build info: version: &apos;4.0.0-alpha-6&apos;, revision: &apos;5f43a29cfc&apos;&#10;System info: host: &apos;DESKTOP-C6OQV70&apos;, ip: &apos;192.168.0.193&apos;, os.name: &apos;Windows 11&apos;, os.arch: &apos;amd64&apos;, os.version: &apos;10.0&apos;, java.version: &apos;11.0.14&apos;&#10;Driver info: org.openqa.selenium.chrome.ChromeDriver&#10;Capabilities {acceptInsecureCerts: false, browserName: chrome, browserVersion: 100.0.4896.127, chrome: {chromedriverVersion: 100.0.4896.60 (6a5d10861ce8..., userDataDir: C:\Users\Talha\AppData\Loca...}, goog:chromeOptions: {debuggerAddress: localhost:52871}, javascriptEnabled: true, networkConnectionEnabled: false, pageLoadStrategy: normal, platform: WINDOWS, platformName: WINDOWS, proxy: Proxy(), setWindowRect: true, strictFileInteractability: false, timeouts: {implicit: 0, pageLoad: 300000, script: 30000}, unhandledPromptBehavior: dismiss and notify, webauthn:extension:credBlob: true, webauthn:extension:largeBlob: true, webauthn:virtualAuthenticators: true}&#10;Session ID: 36e321e98b6e45d2b90c629d46bed3e9" type="org.openqa.selenium.InvalidArgumentException">org.openqa.selenium.InvalidArgumentException: 
invalid argument: File not found : C:\Users\Talha\Desktop\demoImage.png
  (Session info: chrome=100.0.4896.127)
Build info: version: '4.0.0-alpha-6', revision: '5f43a29cfc'
System info: host: 'DESKTOP-C6OQV70', ip: '192.168.0.193', os.name: 'Windows 11', os.arch: 'amd64', os.version: '10.0', java.version: '11.0.14'
Driver info: org.openqa.selenium.chrome.ChromeDriver
Capabilities {acceptInsecureCerts: false, browserName: chrome, browserVersion: 100.0.4896.127, chrome: {chromedriverVersion: 100.0.4896.60 (6a5d10861ce8..., userDataDir: C:\Users\Talha\AppData\Loca...}, goog:chromeOptions: {debuggerAddress: localhost:52871}, javascriptEnabled: true, networkConnectionEnabled: false, pageLoadStrategy: normal, platform: WINDOWS, platformName: WINDOWS, proxy: Proxy(), setWindowRect: true, strictFileInteractability: false, timeouts: {implicit: 0, pageLoad: 300000, script: 30000}, unhandledPromptBehavior: dismiss and notify, webauthn:extension:credBlob: true, webauthn:extension:largeBlob: true, webauthn:virtualAuthenticators: true}
Session ID: 36e321e98b6e45d2b90c629d46bed3e9
	at com.automationpractice.ecommerce.testCases.TestCase6ContactUsForm.testCase6ContactUsForm(TestCase6ContactUsForm.java:88)
</failure>
    <system-out><![CDATA[ 
Given https://www.automationexercise.com/
Home URL is validate
GET IN TOUCH- Element is Visible ??? 
Name Inputted Successfully
Email Inputted Successfully
Subject Inputted Successfully
Message Inputted Successfully
]]></system-out>
    <system-err><![CDATA[Starting ChromeDriver 100.0.4896.60 (6a5d10861ce8de5fce22564658033b43cb7de047-refs/branch-heads/4896@{#875}) on port 64729
Only local connections are allowed.
Please see https://chromedriver.chromium.org/security-considerations for suggestions on keeping ChromeDriver safe.
ChromeDriver was started successfully.
Apr 28, 2022 3:21:36 AM org.openqa.selenium.remote.ProtocolHandshake createSession
INFO: Detected dialect: W3C
]]></system-err>
  </testcase>
  <testcase name="testCase7VerifyTestCasesPage" classname="com.automationpractice.ecommerce.testCases.TestCase7VerifyTestCasesPage" time="4.237"/>
  <testcase name="testCase8VerifyAllProductsAndProductDetailPage" classname="com.automationpractice.ecommerce.testCases.TestCase8VerifyAllProductsAndProductDetailPage" time="20.315"/>
  <testcase name="testCase9SearchProduct" classname="com.automationpractice.ecommerce.testCases.TestCase9SearchProduct" time="25.741"/>
  <testcase name="testCase10VerifySubscriptionInHomepage" classname="com.automationpractice.ecommerce.testCases.TestCase10VerifySubscriptionInHomepage" time="3.012"/>
  <testcase name="testCase11VerifySubscriptionInCartpagePages_TC" classname="com.automationpractice.ecommerce.testCases.TestCase11VerifySubscriptionInCartpagePages_TC" time="6.353"/>
  <testcase name="testCase12AddProductsInCart" classname="com.automationpractice.ecommerce.testCases.TestCase12AddProductsInCart" time="51.276">
    <failure message="element not interactable&#10;  (Session info: chrome=100.0.4896.127)&#10;Build info: version: &apos;4.0.0-alpha-6&apos;, revision: &apos;5f43a29cfc&apos;&#10;System info: host: &apos;DESKTOP-C6OQV70&apos;, ip: &apos;192.168.0.193&apos;, os.name: &apos;Windows 11&apos;, os.arch: &apos;amd64&apos;, os.version: &apos;10.0&apos;, java.version: &apos;11.0.14&apos;&#10;Driver info: org.openqa.selenium.chrome.ChromeDriver&#10;Capabilities {acceptInsecureCerts: false, browserName: chrome, browserVersion: 100.0.4896.127, chrome: {chromedriverVersion: 100.0.4896.60 (6a5d10861ce8..., userDataDir: C:\Users\Talha\AppData\Loca...}, goog:chromeOptions: {debuggerAddress: localhost:59151}, javascriptEnabled: true, networkConnectionEnabled: false, pageLoadStrategy: normal, platform: WINDOWS, platformName: WINDOWS, proxy: Proxy(), setWindowRect: true, strictFileInteractability: false, timeouts: {implicit: 0, pageLoad: 300000, script: 30000}, unhandledPromptBehavior: dismiss and notify, webauthn:extension:credBlob: true, webauthn:extension:largeBlob: true, webauthn:virtualAuthenticators: true}&#10;Session ID: c436c90c56d8c072f1ebe6201d6323d0" type="org.openqa.selenium.ElementNotInteractableException">org.openqa.selenium.ElementNotInteractableException: 
element not interactable
  (Session info: chrome=100.0.4896.127)
Build info: version: '4.0.0-alpha-6', revision: '5f43a29cfc'
System info: host: 'DESKTOP-C6OQV70', ip: '192.168.0.193', os.name: 'Windows 11', os.arch: 'amd64', os.version: '10.0', java.version: '11.0.14'
Driver info: org.openqa.selenium.chrome.ChromeDriver
Capabilities {acceptInsecureCerts: false, browserName: chrome, browserVersion: 100.0.4896.127, chrome: {chromedriverVersion: 100.0.4896.60 (6a5d10861ce8..., userDataDir: C:\Users\Talha\AppData\Loca...}, goog:chromeOptions: {debuggerAddress: localhost:59151}, javascriptEnabled: true, networkConnectionEnabled: false, pageLoadStrategy: normal, platform: WINDOWS, platformName: WINDOWS, proxy: Proxy(), setWindowRect: true, strictFileInteractability: false, timeouts: {implicit: 0, pageLoad: 300000, script: 30000}, unhandledPromptBehavior: dismiss and notify, webauthn:extension:credBlob: true, webauthn:extension:largeBlob: true, webauthn:virtualAuthenticators: true}
Session ID: c436c90c56d8c072f1ebe6201d6323d0
	at com.automationpractice.ecommerce.testCases.TestCase12AddProductsInCart.testCase12AddProductsInCart(TestCase12AddProductsInCart.java:64)
</failure>
    <system-out><![CDATA[ 
Given https://www.automationexercise.com/
Home URL is validate
? Products- Element is Visible ??? 
?Continue Shopping? Text IS Visible 
]]></system-out>
    <system-err><![CDATA[Starting ChromeDriver 100.0.4896.60 (6a5d10861ce8de5fce22564658033b43cb7de047-refs/branch-heads/4896@{#875}) on port 55552
Only local connections are allowed.
Please see https://chromedriver.chromium.org/security-considerations for suggestions on keeping ChromeDriver safe.
ChromeDriver was started successfully.
Apr 28, 2022 3:24:02 AM org.openqa.selenium.remote.ProtocolHandshake createSession
INFO: Detected dialect: W3C
]]></system-err>
  </testcase>
  <testcase name="testCase13VerifyProductQuantityInCartPages" classname="com.automationpractice.ecommerce.testCases.TestCase13VerifyProductQuantityInCart" time="25.185"/>
  <testcase name="testCase14PlaceOrderRegisterWhileCheckoutPages" classname="com.automationpractice.ecommerce.testCases.TestCase14PlaceOrderRegisterWhileCheckout" time="56.707"/>
  <testcase name="testCase15PlaceOrderRegisterBeforeCheckoutPages" classname="com.automationpractice.ecommerce.testCases.TestCase15PlaceOrderRegisterBeforeCheckout" time="56.538"/>
  <testcase name="testCase16PlaceOrderLoginBeforeCheckoutPages" classname="com.automationpractice.ecommerce.testCases.TestCase16PlaceOrderLoginBeforeCheckout" time="56.591"/>
  <testcase name="testCase17RemoveProductsFromCartPages" classname="com.automationpractice.ecommerce.testCases.TestCase17RemoveProductsFromCart" time="30.679"/>
  <testcase name="testCase18ViewCategoryProductsPages" classname="com.automationpractice.ecommerce.testCases.TestCase18ViewCategoryProducts" time="18.162"/>
  <testcase name="testCase19ViewAndCartBrandProductsPages" classname="com.automationpractice.ecommerce.testCases.TestCase19ViewAndCartBrandProducts" time="29.505"/>
  <testcase name="testCase20SearchProductsAndVerifyCartAfterLoginPages" classname="com.automationpractice.ecommerce.testCases.TestCase20SearchProductsAndVerifyCartAfterLogin" time="59.512"/>
  <testcase name="testCase21AddReviewOnProductPages" classname="com.automationpractice.ecommerce.testCases.TestCase21AddReviewOnProduct" time="26.699"/>
  <testcase name="testCase22AddToCartFromRecommendedItems" classname="com.automationpractice.ecommerce.testCases.TestCase22AddToCartFromRecommendedItems" time="3.017"/>
  <testcase name="testCase23VerifyAddressDetailsInCheckoutpagePages" classname="com.automationpractice.ecommerce.testCases.TestCase23VerifyAddressDetailsInCheckoutpage" time="95.327"/>
  <testcase name="testCase24DownloadInvoiceAfterPurchaseOrderPages" classname="com.automationpractice.ecommerce.testCases.TestCase24DownloadInvoiceAfterPurchaseOrder" time="134.725"/>
  <testcase name="testCase25VerifyScrollUpUsingArrowButtonAndScrollDownFunctionality" classname="com.automationpractice.ecommerce.testCases.TestCase25VerifyScrollUpUsingArrowButtonAndScrollDownFunctionality" time="3.021">
    <failure message="target frame detached&#10;  (Session info: chrome=100.0.4896.127)&#10;Build info: version: &apos;4.0.0-alpha-6&apos;, revision: &apos;5f43a29cfc&apos;&#10;System info: host: &apos;DESKTOP-C6OQV70&apos;, ip: &apos;192.168.0.193&apos;, os.name: &apos;Windows 11&apos;, os.arch: &apos;amd64&apos;, os.version: &apos;10.0&apos;, java.version: &apos;11.0.14&apos;&#10;Driver info: org.openqa.selenium.chrome.ChromeDriver&#10;Capabilities {acceptInsecureCerts: false, browserName: chrome, browserVersion: 100.0.4896.127, chrome: {chromedriverVersion: 100.0.4896.60 (6a5d10861ce8..., userDataDir: C:\Users\Talha\AppData\Loca...}, goog:chromeOptions: {debuggerAddress: localhost:62393}, javascriptEnabled: true, networkConnectionEnabled: false, pageLoadStrategy: normal, platform: WINDOWS, platformName: WINDOWS, proxy: Proxy(), setWindowRect: true, strictFileInteractability: false, timeouts: {implicit: 0, pageLoad: 300000, script: 30000}, unhandledPromptBehavior: dismiss and notify, webauthn:extension:credBlob: true, webauthn:extension:largeBlob: true, webauthn:virtualAuthenticators: true}&#10;Session ID: 328f65a268404a4dbbb97492ab2a6ac2" type="org.openqa.selenium.WebDriverException">org.openqa.selenium.WebDriverException: 
target frame detached
  (Session info: chrome=100.0.4896.127)
Build info: version: '4.0.0-alpha-6', revision: '5f43a29cfc'
System info: host: 'DESKTOP-C6OQV70', ip: '192.168.0.193', os.name: 'Windows 11', os.arch: 'amd64', os.version: '10.0', java.version: '11.0.14'
Driver info: org.openqa.selenium.chrome.ChromeDriver
Capabilities {acceptInsecureCerts: false, browserName: chrome, browserVersion: 100.0.4896.127, chrome: {chromedriverVersion: 100.0.4896.60 (6a5d10861ce8..., userDataDir: C:\Users\Talha\AppData\Loca...}, goog:chromeOptions: {debuggerAddress: localhost:62393}, javascriptEnabled: true, networkConnectionEnabled: false, pageLoadStrategy: normal, platform: WINDOWS, platformName: WINDOWS, proxy: Proxy(), setWindowRect: true, strictFileInteractability: false, timeouts: {implicit: 0, pageLoad: 300000, script: 30000}, unhandledPromptBehavior: dismiss and notify, webauthn:extension:credBlob: true, webauthn:extension:largeBlob: true, webauthn:virtualAuthenticators: true}
Session ID: 328f65a268404a4dbbb97492ab2a6ac2
	at com.automationpractice.ecommerce.testCases.TestCase25VerifyScrollUpUsingArrowButtonAndScrollDownFunctionality.testCase25VerifyScrollUpUsingArrowButtonAndScrollDownFunctionality(TestCase25VerifyScrollUpUsingArrowButtonAndScrollDownFunctionality.java:26)
</failure>
    <system-out><![CDATA[ 
Given https://www.automationexercise.com/
Home URL is validate
]]></system-out>
    <system-err><![CDATA[Starting ChromeDriver 100.0.4896.60 (6a5d10861ce8de5fce22564658033b43cb7de047-refs/branch-heads/4896@{#875}) on port 55175
Only local connections are allowed.
Please see https://chromedriver.chromium.org/security-considerations for suggestions on keeping ChromeDriver safe.
ChromeDriver was started successfully.
Apr 28, 2022 3:37:48 AM org.openqa.selenium.remote.ProtocolHandshake createSession
INFO: Detected dialect: W3C
]]></system-err>
  </testcase>
  <testcase name="testCase26VerifyScrollUpWithout_Arrow_buttonAndScrollDownFunctionalityPages" classname="com.automationpractice.ecommerce.testCases.TestCase26VerifyScrollUpWithoutArrowButtonAndScrollDownFunctionality" time="9.218"/>
</testsuite>